# JRE version: Java(TM) SE Runtime Environment (8.0_101-b13) (build 1.8.0_101-b13)
# Java VM: Java HotSpot(TM) 64-Bit Server VM (25.101-b13 mixed mode windows-amd64 compressed oops)
Heap:
 PSYoungGen      total 302592K, used 83399K [0x00000000eab00000, 0x00000000fff00000, 0x0000000100000000)
  eden space 258048K, 32% used [0x00000000eab00000,0x00000000efc71e98,0x00000000fa700000)
  from space 44544K, 0% used [0x00000000fd380000,0x00000000fd380000,0x00000000fff00000)
  to   space 45056K, 0% used [0x00000000fa700000,0x00000000fa700000,0x00000000fd300000)
 ParOldGen       total 168960K, used 57782K [0x00000000c0000000, 0x00000000ca500000, 0x00000000eab00000)
  object space 168960K, 34% used [0x00000000c0000000,0x00000000c386db98,0x00000000ca500000)
 Metaspace       used 84813K, capacity 87314K, committed 89216K, reserved 1128448K
  class space    used 10198K, capacity 10590K, committed 10880K, reserved 1048576K
GC Heap History (10 events):
Event: 4555.762 GC heap before
{Heap before GC invocations=90 (full 13):
 PSYoungGen      total 295424K, used 11233K [0x00000000eab00000, 0x0000000100000000, 0x0000000100000000)
  eden space 250368K, 0% used [0x00000000eab00000,0x00000000eab00000,0x00000000f9f80000)
  from space 45056K, 24% used [0x00000000f9f80000,0x00000000faa78450,0x00000000fcb80000)
  to   space 45056K, 0% used [0x00000000fd400000,0x00000000fd400000,0x0000000100000000)
 ParOldGen       total 168960K, used 46276K [0x00000000c0000000, 0x00000000ca500000, 0x00000000eab00000)
  object space 168960K, 27% used [0x00000000c0000000,0x00000000c2d31280,0x00000000ca500000)
 Metaspace       used 85246K, capacity 88350K, committed 88704K, reserved 1126400K
  class space    used 10326K, capacity 10822K, committed 10880K, reserved 1048576K
Event: 4557.081 GC heap after
Heap after GC invocations=90 (full 13):
 PSYoungGen      total 295424K, used 0K [0x00000000eab00000, 0x0000000100000000, 0x0000000100000000)
  eden space 250368K, 0% used [0x00000000eab00000,0x00000000eab00000,0x00000000f9f80000)
  from space 45056K, 0% used [0x00000000f9f80000,0x00000000f9f80000,0x00000000fcb80000)
  to   space 45056K, 0% used [0x00000000fd400000,0x00000000fd400000,0x0000000100000000)
 ParOldGen       total 168960K, used 56466K [0x00000000c0000000, 0x00000000ca500000, 0x00000000eab00000)
  object space 168960K, 33% used [0x00000000c0000000,0x00000000c3724a60,0x00000000ca500000)
 Metaspace       used 85232K, capacity 88320K, committed 88704K, reserved 1126400K
  class space    used 10322K, capacity 10816K, committed 10880K, reserved 1048576K
}
Event: 8586.500 GC heap before
{Heap before GC invocations=91 (full 13):
 PSYoungGen      total 295424K, used 250368K [0x00000000eab00000, 0x0000000100000000, 0x0000000100000000)
  eden space 250368K, 100% used [0x00000000eab00000,0x00000000f9f80000,0x00000000f9f80000)
  from space 45056K, 0% used [0x00000000f9f80000,0x00000000f9f80000,0x00000000fcb80000)
  to   space 45056K, 0% used [0x00000000fd400000,0x00000000fd400000,0x0000000100000000)
 ParOldGen       total 168960K, used 56466K [0x00000000c0000000, 0x00000000ca500000, 0x00000000eab00000)
  object space 168960K, 33% used [0x00000000c0000000,0x00000000c3724a60,0x00000000ca500000)
 Metaspace       used 85338K, capacity 88484K, committed 88960K, reserved 1128448K
  class space    used 10332K, capacity 10826K, committed 10880K, reserved 1048576K
Event: 8586.583 GC heap after
Heap after GC invocations=91 (full 13):
 PSYoungGen      total 302080K, used 30675K [0x00000000eab00000, 0x0000000100000000, 0x0000000100000000)
  eden space 257024K, 0% used [0x00000000eab00000,0x00000000eab00000,0x00000000fa600000)
  from space 45056K, 68% used [0x00000000fd400000,0x00000000ff1f4c58,0x0000000100000000)
  to   space 46080K, 0% used [0x00000000fa600000,0x00000000fa600000,0x00000000fd300000)
 ParOldGen       total 168960K, used 56474K [0x00000000c0000000, 0x00000000ca500000, 0x00000000eab00000)
  object space 168960K, 33% used [0x00000000c0000000,0x00000000c3726a60,0x00000000ca500000)
 Metaspace       used 85338K, capacity 88484K, committed 88960K, reserved 1128448K
  class space    used 10332K, capacity 10826K, committed 10880K, reserved 1048576K
}
Event: 8590.647 GC heap before
{Heap before GC invocations=92 (full 13):
 PSYoungGen      total 302080K, used 287699K [0x00000000eab00000, 0x0000000100000000, 0x0000000100000000)
  eden space 257024K, 100% used [0x00000000eab00000,0x00000000fa600000,0x00000000fa600000)
  from space 45056K, 68% used [0x00000000fd400000,0x00000000ff1f4c58,0x0000000100000000)
  to   space 46080K, 0% used [0x00000000fa600000,0x00000000fa600000,0x00000000fd300000)
 ParOldGen       total 168960K, used 56474K [0x00000000c0000000, 0x00000000ca500000, 0x00000000eab00000)
  object space 168960K, 33% used [0x00000000c0000000,0x00000000c3726a60,0x00000000ca500000)
 Metaspace       used 85513K, capacity 88728K, committed 89216K, reserved 1128448K
  class space    used 10358K, capacity 10866K, committed 10880K, reserved 1048576K
Event: 8590.681 GC heap after
Heap after GC invocations=92 (full 13):
 PSYoungGen      total 303104K, used 12606K [0x00000000eab00000, 0x0000000100000000, 0x0000000100000000)
  eden space 257024K, 0% used [0x00000000eab00000,0x00000000eab00000,0x00000000fa600000)
  from space 46080K, 27% used [0x00000000fa600000,0x00000000fb24f828,0x00000000fd300000)
  to   space 45568K, 0% used [0x00000000fd380000,0x00000000fd380000,0x0000000100000000)
 ParOldGen       total 168960K, used 56482K [0x00000000c0000000, 0x00000000ca500000, 0x00000000eab00000)
  object space 168960K, 33% used [0x00000000c0000000,0x00000000c3728a60,0x00000000ca500000)
 Metaspace       used 85513K, capacity 88728K, committed 89216K, reserved 1128448K
  class space    used 10358K, capacity 10866K, committed 10880K, reserved 1048576K
}
Event: 8624.164 GC heap before
{Heap before GC invocations=93 (full 13):
 PSYoungGen      total 303104K, used 237466K [0x00000000eab00000, 0x0000000100000000, 0x0000000100000000)
  eden space 257024K, 87% used [0x00000000eab00000,0x00000000f8697280,0x00000000fa600000)
  from space 46080K, 27% used [0x00000000fa600000,0x00000000fb24f828,0x00000000fd300000)
  to   space 45568K, 0% used [0x00000000fd380000,0x00000000fd380000,0x0000000100000000)
 ParOldGen       total 168960K, used 56482K [0x00000000c0000000, 0x00000000ca500000, 0x00000000eab00000)
  object space 168960K, 33% used [0x00000000c0000000,0x00000000c3728a60,0x00000000ca500000)
 Metaspace       used 85543K, capacity 88764K, committed 89216K, reserved 1128448K
  class space    used 10361K, capacity 10872K, committed 10880K, reserved 1048576K
Event: 8624.177 GC heap after
Heap after GC invocations=93 (full 13):
 PSYoungGen      total 302592K, used 10468K [0x00000000eab00000, 0x00000000fff00000, 0x0000000100000000)
  eden space 258048K, 0% used [0x00000000eab00000,0x00000000eab00000,0x00000000fa700000)
  from space 44544K, 23% used [0x00000000fd380000,0x00000000fddb9228,0x00000000fff00000)
  to   space 45056K, 0% used [0x00000000fa700000,0x00000000fa700000,0x00000000fd300000)
 ParOldGen       total 168960K, used 56482K [0x00000000c0000000, 0x00000000ca500000, 0x00000000eab00000)
  object space 168960K, 33% used [0x00000000c0000000,0x00000000c3728a60,0x00000000ca500000)
 Metaspace       used 85543K, capacity 88764K, committed 89216K, reserved 1128448K
  class space    used 10361K, capacity 10872K, committed 10880K, reserved 1048576K
}
Event: 8624.177 GC heap before
{Heap before GC invocations=94 (full 14):
 PSYoungGen      total 302592K, used 10468K [0x00000000eab00000, 0x00000000fff00000, 0x0000000100000000)
  eden space 258048K, 0% used [0x00000000eab00000,0x00000000eab00000,0x00000000fa700000)
  from space 44544K, 23% used [0x00000000fd380000,0x00000000fddb9228,0x00000000fff00000)
  to   space 45056K, 0% used [0x00000000fa700000,0x00000000fa700000,0x00000000fd300000)
 ParOldGen       total 168960K, used 56482K [0x00000000c0000000, 0x00000000ca500000, 0x00000000eab00000)
  object space 168960K, 33% used [0x00000000c0000000,0x00000000c3728a60,0x00000000ca500000)
 Metaspace       used 85543K, capacity 88764K, committed 89216K, reserved 1128448K
  class space    used 10361K, capacity 10872K, committed 10880K, reserved 1048576K
Event: 8624.938 GC heap after
Heap after GC invocations=94 (full 14):
 PSYoungGen      total 302592K, used 0K [0x00000000eab00000, 0x00000000fff00000, 0x0000000100000000)
  eden space 258048K, 0% used [0x00000000eab00000,0x00000000eab00000,0x00000000fa700000)
  from space 44544K, 0% used [0x00000000fd380000,0x00000000fd380000,0x00000000fff00000)
  to   space 45056K, 0% used [0x00000000fa700000,0x00000000fa700000,0x00000000fd300000)
 ParOldGen       total 168960K, used 57782K [0x00000000c0000000, 0x00000000ca500000, 0x00000000eab00000)
  object space 168960K, 34% used [0x00000000c0000000,0x00000000c386db98,0x00000000ca500000)
 Metaspace       used 84614K, capacity 86998K, committed 89216K, reserved 1128448K
  class space    used 10168K, capacity 10543K, committed 10880K, reserved 1048576K
}

