# JRE version: Java(TM) SE Runtime Environment (8.0_101-b13) (build 1.8.0_101-b13)
# Java VM: Java HotSpot(TM) 64-Bit Server VM (25.101-b13 mixed mode windows-amd64 compressed oops)
Heap:
 PSYoungGen      total 288768K, used 98890K [0x00000000eab00000, 0x0000000100000000, 0x0000000100000000)
  eden space 228352K, 43% used [0x00000000eab00000,0x00000000f0b92be8,0x00000000f8a00000)
  from space 60416K, 0% used [0x00000000f8a00000,0x00000000f8a00000,0x00000000fc500000)
  to   space 57344K, 0% used [0x00000000fc800000,0x00000000fc800000,0x0000000100000000)
 ParOldGen       total 212480K, used 112654K [0x00000000c0000000, 0x00000000ccf80000, 0x00000000eab00000)
  object space 212480K, 53% used [0x00000000c0000000,0x00000000c6e03948,0x00000000ccf80000)
 Metaspace       used 6211K, capacity 7216K, committed 7296K, reserved 1056768K
  class space    used 587K, capacity 616K, committed 640K, reserved 1048576K
GC Heap History (10 events):
Event: 11.565 GC heap before
{Heap before GC invocations=9 (full 1):
 PSYoungGen      total 236544K, used 31725K [0x00000000eab00000, 0x00000000fdb00000, 0x0000000100000000)
  eden space 204800K, 0% used [0x00000000eab00000,0x00000000eab00000,0x00000000f7300000)
  from space 31744K, 99% used [0x00000000fa000000,0x00000000fbefb5a0,0x00000000fbf00000)
  to   space 46080K, 0% used [0x00000000f7300000,0x00000000f7300000,0x00000000fa000000)
 ParOldGen       total 72704K, used 71627K [0x00000000c0000000, 0x00000000c4700000, 0x00000000eab00000)
  object space 72704K, 98% used [0x00000000c0000000,0x00000000c45f2d90,0x00000000c4700000)
 Metaspace       used 6121K, capacity 7152K, committed 7296K, reserved 1056768K
  class space    used 585K, capacity 616K, committed 640K, reserved 1048576K
Event: 12.839 GC heap after
Heap after GC invocations=9 (full 1):
 PSYoungGen      total 236544K, used 0K [0x00000000eab00000, 0x00000000fdb00000, 0x0000000100000000)
  eden space 204800K, 0% used [0x00000000eab00000,0x00000000eab00000,0x00000000f7300000)
  from space 31744K, 0% used [0x00000000fa000000,0x00000000fa000000,0x00000000fbf00000)
  to   space 46080K, 0% used [0x00000000f7300000,0x00000000f7300000,0x00000000fa000000)
 ParOldGen       total 128512K, used 64717K [0x00000000c0000000, 0x00000000c7d80000, 0x00000000eab00000)
  object space 128512K, 50% used [0x00000000c0000000,0x00000000c3f336b8,0x00000000c7d80000)
 Metaspace       used 6121K, capacity 7152K, committed 7296K, reserved 1056768K
  class space    used 585K, capacity 616K, committed 640K, reserved 1048576K
}
Event: 14.424 GC heap before
{Heap before GC invocations=10 (full 1):
 PSYoungGen      total 236544K, used 204800K [0x00000000eab00000, 0x00000000fdb00000, 0x0000000100000000)
  eden space 204800K, 100% used [0x00000000eab00000,0x00000000f7300000,0x00000000f7300000)
  from space 31744K, 0% used [0x00000000fa000000,0x00000000fa000000,0x00000000fbf00000)
  to   space 46080K, 0% used [0x00000000f7300000,0x00000000f7300000,0x00000000fa000000)
 ParOldGen       total 128512K, used 64717K [0x00000000c0000000, 0x00000000c7d80000, 0x00000000eab00000)
  object space 128512K, 50% used [0x00000000c0000000,0x00000000c3f336b8,0x00000000c7d80000)
 Metaspace       used 6147K, capacity 7152K, committed 7296K, reserved 1056768K
  class space    used 587K, capacity 616K, committed 640K, reserved 1048576K
Event: 14.524 GC heap after
Heap after GC invocations=10 (full 1):
 PSYoungGen      total 250880K, used 32641K [0x00000000eab00000, 0x0000000100000000, 0x0000000100000000)
  eden space 204800K, 0% used [0x00000000eab00000,0x00000000eab00000,0x00000000f7300000)
  from space 46080K, 70% used [0x00000000f7300000,0x00000000f92e0608,0x00000000fa000000)
  to   space 48640K, 0% used [0x00000000fd080000,0x00000000fd080000,0x0000000100000000)
 ParOldGen       total 128512K, used 64725K [0x00000000c0000000, 0x00000000c7d80000, 0x00000000eab00000)
  object space 128512K, 50% used [0x00000000c0000000,0x00000000c3f356b8,0x00000000c7d80000)
 Metaspace       used 6147K, capacity 7152K, committed 7296K, reserved 1056768K
  class space    used 587K, capacity 616K, committed 640K, reserved 1048576K
}
Event: 16.368 GC heap before
{Heap before GC invocations=11 (full 1):
 PSYoungGen      total 250880K, used 237441K [0x00000000eab00000, 0x0000000100000000, 0x0000000100000000)
  eden space 204800K, 100% used [0x00000000eab00000,0x00000000f7300000,0x00000000f7300000)
  from space 46080K, 70% used [0x00000000f7300000,0x00000000f92e0608,0x00000000fa000000)
  to   space 48640K, 0% used [0x00000000fd080000,0x00000000fd080000,0x0000000100000000)
 ParOldGen       total 128512K, used 64725K [0x00000000c0000000, 0x00000000c7d80000, 0x00000000eab00000)
  object space 128512K, 50% used [0x00000000c0000000,0x00000000c3f356b8,0x00000000c7d80000)
 Metaspace       used 6162K, capacity 7152K, committed 7296K, reserved 1056768K
  class space    used 587K, capacity 616K, committed 640K, reserved 1048576K
Event: 17.015 GC heap after
Heap after GC invocations=11 (full 1):
 PSYoungGen      total 276992K, used 48628K [0x00000000eab00000, 0x0000000100000000, 0x0000000100000000)
  eden space 228352K, 0% used [0x00000000eab00000,0x00000000eab00000,0x00000000f8a00000)
  from space 48640K, 99% used [0x00000000fd080000,0x00000000ffffd010,0x0000000100000000)
  to   space 60416K, 0% used [0x00000000f8a00000,0x00000000f8a00000,0x00000000fc500000)
 ParOldGen       total 128512K, used 76422K [0x00000000c0000000, 0x00000000c7d80000, 0x00000000eab00000)
  object space 128512K, 59% used [0x00000000c0000000,0x00000000c4aa1900,0x00000000c7d80000)
 Metaspace       used 6162K, capacity 7152K, committed 7296K, reserved 1056768K
  class space    used 587K, capacity 616K, committed 640K, reserved 1048576K
}
Event: 23.242 GC heap before
{Heap before GC invocations=12 (full 1):
 PSYoungGen      total 276992K, used 276980K [0x00000000eab00000, 0x0000000100000000, 0x0000000100000000)
  eden space 228352K, 100% used [0x00000000eab00000,0x00000000f8a00000,0x00000000f8a00000)
  from space 48640K, 99% used [0x00000000fd080000,0x00000000ffffd010,0x0000000100000000)
  to   space 60416K, 0% used [0x00000000f8a00000,0x00000000f8a00000,0x00000000fc500000)
 ParOldGen       total 128512K, used 76422K [0x00000000c0000000, 0x00000000c7d80000, 0x00000000eab00000)
  object space 128512K, 59% used [0x00000000c0000000,0x00000000c4aa1900,0x00000000c7d80000)
 Metaspace       used 6207K, capacity 7152K, committed 7296K, reserved 1056768K
  class space    used 587K, capacity 616K, committed 640K, reserved 1048576K
Event: 24.261 GC heap after
Heap after GC invocations=12 (full 1):
 PSYoungGen      total 288768K, used 22390K [0x00000000eab00000, 0x0000000100000000, 0x0000000100000000)
  eden space 228352K, 0% used [0x00000000eab00000,0x00000000eab00000,0x00000000f8a00000)
  from space 60416K, 37% used [0x00000000f8a00000,0x00000000f9fddba0,0x00000000fc500000)
  to   space 57344K, 0% used [0x00000000fc800000,0x00000000fc800000,0x0000000100000000)
 ParOldGen       total 128512K, used 114837K [0x00000000c0000000, 0x00000000c7d80000, 0x00000000eab00000)
  object space 128512K, 89% used [0x00000000c0000000,0x00000000c7025590,0x00000000c7d80000)
 Metaspace       used 6207K, capacity 7152K, committed 7296K, reserved 1056768K
  class space    used 587K, capacity 616K, committed 640K, reserved 1048576K
}
Event: 24.261 GC heap before
{Heap before GC invocations=13 (full 2):
 PSYoungGen      total 288768K, used 22390K [0x00000000eab00000, 0x0000000100000000, 0x0000000100000000)
  eden space 228352K, 0% used [0x00000000eab00000,0x00000000eab00000,0x00000000f8a00000)
  from space 60416K, 37% used [0x00000000f8a00000,0x00000000f9fddba0,0x00000000fc500000)
  to   space 57344K, 0% used [0x00000000fc800000,0x00000000fc800000,0x0000000100000000)
 ParOldGen       total 128512K, used 114837K [0x00000000c0000000, 0x00000000c7d80000, 0x00000000eab00000)
  object space 128512K, 89% used [0x00000000c0000000,0x00000000c7025590,0x00000000c7d80000)
 Metaspace       used 6207K, capacity 7152K, committed 7296K, reserved 1056768K
  class space    used 587K, capacity 616K, committed 640K, reserved 1048576K
Event: 36.357 GC heap after
Heap after GC invocations=13 (full 2):
 PSYoungGen      total 288768K, used 0K [0x00000000eab00000, 0x0000000100000000, 0x0000000100000000)
  eden space 228352K, 0% used [0x00000000eab00000,0x00000000eab00000,0x00000000f8a00000)
  from space 60416K, 0% used [0x00000000f8a00000,0x00000000f8a00000,0x00000000fc500000)
  to   space 57344K, 0% used [0x00000000fc800000,0x00000000fc800000,0x0000000100000000)
 ParOldGen       total 212480K, used 112654K [0x00000000c0000000, 0x00000000ccf80000, 0x00000000eab00000)
  object space 212480K, 53% used [0x00000000c0000000,0x00000000c6e03948,0x00000000ccf80000)
 Metaspace       used 6207K, capacity 7152K, committed 7296K, reserved 1056768K
  class space    used 587K, capacity 616K, committed 640K, reserved 1048576K
}

