# JRE version: Java(TM) SE Runtime Environment (8.0_101-b13) (build 1.8.0_101-b13)
# Java VM: Java HotSpot(TM) 64-Bit Server VM (25.101-b13 mixed mode windows-amd64 compressed oops)
Heap:
 PSYoungGen      total 114688K, used 51754K [0x00000000eab00000, 0x00000000faf00000, 0x0000000100000000)
  eden space 110592K, 43% used [0x00000000eab00000,0x00000000ed98b8b8,0x00000000f1700000)
  from space 4096K, 99% used [0x00000000f1700000,0x00000000f1aff1e8,0x00000000f1b00000)
  to   space 22528K, 0% used [0x00000000f9900000,0x00000000f9900000,0x00000000faf00000)
 ParOldGen       total 72704K, used 38166K [0x00000000c0000000, 0x00000000c4700000, 0x00000000eab00000)
  object space 72704K, 52% used [0x00000000c0000000,0x00000000c2545830,0x00000000c4700000)
 Metaspace       used 6573K, capacity 7256K, committed 7424K, reserved 1056768K
  class space    used 626K, capacity 656K, committed 768K, reserved 1048576K
GC Heap History (10 events):
Event: 6.179 GC heap before
{Heap before GC invocations=1 (full 0):
 PSYoungGen      total 31744K, used 27648K [0x00000000eab00000, 0x00000000ece00000, 0x0000000100000000)
  eden space 27648K, 100% used [0x00000000eab00000,0x00000000ec600000,0x00000000ec600000)
  from space 4096K, 0% used [0x00000000eca00000,0x00000000eca00000,0x00000000ece00000)
  to   space 4096K, 0% used [0x00000000ec600000,0x00000000ec600000,0x00000000eca00000)
 ParOldGen       total 72704K, used 0K [0x00000000c0000000, 0x00000000c4700000, 0x00000000eab00000)
  object space 72704K, 0% used [0x00000000c0000000,0x00000000c0000000,0x00000000c4700000)
 Metaspace       used 5976K, capacity 6898K, committed 7040K, reserved 1056768K
  class space    used 603K, capacity 618K, committed 640K, reserved 1048576K
Event: 6.539 GC heap after
Heap after GC invocations=1 (full 0):
 PSYoungGen      total 31744K, used 4068K [0x00000000eab00000, 0x00000000ee900000, 0x0000000100000000)
  eden space 27648K, 0% used [0x00000000eab00000,0x00000000eab00000,0x00000000ec600000)
  from space 4096K, 99% used [0x00000000ec600000,0x00000000ec9f9258,0x00000000eca00000)
  to   space 4096K, 0% used [0x00000000ee500000,0x00000000ee500000,0x00000000ee900000)
 ParOldGen       total 72704K, used 1342K [0x00000000c0000000, 0x00000000c4700000, 0x00000000eab00000)
  object space 72704K, 1% used [0x00000000c0000000,0x00000000c014f9e8,0x00000000c4700000)
 Metaspace       used 5976K, capacity 6898K, committed 7040K, reserved 1056768K
  class space    used 603K, capacity 618K, committed 640K, reserved 1048576K
}
Event: 9.142 GC heap before
{Heap before GC invocations=2 (full 0):
 PSYoungGen      total 31744K, used 31716K [0x00000000eab00000, 0x00000000ee900000, 0x0000000100000000)
  eden space 27648K, 100% used [0x00000000eab00000,0x00000000ec600000,0x00000000ec600000)
  from space 4096K, 99% used [0x00000000ec600000,0x00000000ec9f9258,0x00000000eca00000)
  to   space 4096K, 0% used [0x00000000ee500000,0x00000000ee500000,0x00000000ee900000)
 ParOldGen       total 72704K, used 1342K [0x00000000c0000000, 0x00000000c4700000, 0x00000000eab00000)
  object space 72704K, 1% used [0x00000000c0000000,0x00000000c014f9e8,0x00000000c4700000)
 Metaspace       used 6171K, capacity 7026K, committed 7296K, reserved 1056768K
  class space    used 604K, capacity 618K, committed 640K, reserved 1048576K
Event: 9.435 GC heap after
Heap after GC invocations=2 (full 0):
 PSYoungGen      total 59392K, used 4072K [0x00000000eab00000, 0x00000000ee900000, 0x0000000100000000)
  eden space 55296K, 0% used [0x00000000eab00000,0x00000000eab00000,0x00000000ee100000)
  from space 4096K, 99% used [0x00000000ee500000,0x00000000ee8fa0c8,0x00000000ee900000)
  to   space 4096K, 0% used [0x00000000ee100000,0x00000000ee100000,0x00000000ee500000)
 ParOldGen       total 72704K, used 4673K [0x00000000c0000000, 0x00000000c4700000, 0x00000000eab00000)
  object space 72704K, 6% used [0x00000000c0000000,0x00000000c0490428,0x00000000c4700000)
 Metaspace       used 6171K, capacity 7026K, committed 7296K, reserved 1056768K
  class space    used 604K, capacity 618K, committed 640K, reserved 1048576K
}
Event: 11.238 GC heap before
{Heap before GC invocations=3 (full 0):
 PSYoungGen      total 59392K, used 59368K [0x00000000eab00000, 0x00000000ee900000, 0x0000000100000000)
  eden space 55296K, 100% used [0x00000000eab00000,0x00000000ee100000,0x00000000ee100000)
  from space 4096K, 99% used [0x00000000ee500000,0x00000000ee8fa0c8,0x00000000ee900000)
  to   space 4096K, 0% used [0x00000000ee100000,0x00000000ee100000,0x00000000ee500000)
 ParOldGen       total 72704K, used 4673K [0x00000000c0000000, 0x00000000c4700000, 0x00000000eab00000)
  object space 72704K, 6% used [0x00000000c0000000,0x00000000c0490428,0x00000000c4700000)
 Metaspace       used 6292K, capacity 7154K, committed 7296K, reserved 1056768K
  class space    used 604K, capacity 618K, committed 640K, reserved 1048576K
Event: 11.482 GC heap after
Heap after GC invocations=3 (full 0):
 PSYoungGen      total 59392K, used 4090K [0x00000000eab00000, 0x00000000f1f00000, 0x0000000100000000)
  eden space 55296K, 0% used [0x00000000eab00000,0x00000000eab00000,0x00000000ee100000)
  from space 4096K, 99% used [0x00000000ee100000,0x00000000ee4fea98,0x00000000ee500000)
  to   space 4096K, 0% used [0x00000000f1b00000,0x00000000f1b00000,0x00000000f1f00000)
 ParOldGen       total 72704K, used 12702K [0x00000000c0000000, 0x00000000c4700000, 0x00000000eab00000)
  object space 72704K, 17% used [0x00000000c0000000,0x00000000c0c67af8,0x00000000c4700000)
 Metaspace       used 6292K, capacity 7154K, committed 7296K, reserved 1056768K
  class space    used 604K, capacity 618K, committed 640K, reserved 1048576K
}
Event: 12.978 GC heap before
{Heap before GC invocations=4 (full 0):
 PSYoungGen      total 59392K, used 59386K [0x00000000eab00000, 0x00000000f1f00000, 0x0000000100000000)
  eden space 55296K, 100% used [0x00000000eab00000,0x00000000ee100000,0x00000000ee100000)
  from space 4096K, 99% used [0x00000000ee100000,0x00000000ee4fea98,0x00000000ee500000)
  to   space 4096K, 0% used [0x00000000f1b00000,0x00000000f1b00000,0x00000000f1f00000)
 ParOldGen       total 72704K, used 12702K [0x00000000c0000000, 0x00000000c4700000, 0x00000000eab00000)
  object space 72704K, 17% used [0x00000000c0000000,0x00000000c0c67af8,0x00000000c4700000)
 Metaspace       used 6363K, capacity 7154K, committed 7296K, reserved 1056768K
  class space    used 605K, capacity 618K, committed 640K, reserved 1048576K
Event: 13.251 GC heap after
Heap after GC invocations=4 (full 0):
 PSYoungGen      total 114688K, used 4090K [0x00000000eab00000, 0x00000000f1f00000, 0x0000000100000000)
  eden space 110592K, 0% used [0x00000000eab00000,0x00000000eab00000,0x00000000f1700000)
  from space 4096K, 99% used [0x00000000f1b00000,0x00000000f1efea70,0x00000000f1f00000)
  to   space 4096K, 0% used [0x00000000f1700000,0x00000000f1700000,0x00000000f1b00000)
 ParOldGen       total 72704K, used 20350K [0x00000000c0000000, 0x00000000c4700000, 0x00000000eab00000)
  object space 72704K, 27% used [0x00000000c0000000,0x00000000c13df930,0x00000000c4700000)
 Metaspace       used 6363K, capacity 7154K, committed 7296K, reserved 1056768K
  class space    used 605K, capacity 618K, committed 640K, reserved 1048576K
}
Event: 21.202 GC heap before
{Heap before GC invocations=5 (full 0):
 PSYoungGen      total 114688K, used 114682K [0x00000000eab00000, 0x00000000f1f00000, 0x0000000100000000)
  eden space 110592K, 100% used [0x00000000eab00000,0x00000000f1700000,0x00000000f1700000)
  from space 4096K, 99% used [0x00000000f1b00000,0x00000000f1efea70,0x00000000f1f00000)
  to   space 4096K, 0% used [0x00000000f1700000,0x00000000f1700000,0x00000000f1b00000)
 ParOldGen       total 72704K, used 20350K [0x00000000c0000000, 0x00000000c4700000, 0x00000000eab00000)
  object space 72704K, 27% used [0x00000000c0000000,0x00000000c13df930,0x00000000c4700000)
 Metaspace       used 6566K, capacity 7256K, committed 7424K, reserved 1056768K
  class space    used 626K, capacity 656K, committed 768K, reserved 1048576K
Event: 22.081 GC heap after
Heap after GC invocations=5 (full 0):
 PSYoungGen      total 114688K, used 4092K [0x00000000eab00000, 0x00000000faf00000, 0x0000000100000000)
  eden space 110592K, 0% used [0x00000000eab00000,0x00000000eab00000,0x00000000f1700000)
  from space 4096K, 99% used [0x00000000f1700000,0x00000000f1aff1e8,0x00000000f1b00000)
  to   space 22528K, 0% used [0x00000000f9900000,0x00000000f9900000,0x00000000faf00000)
 ParOldGen       total 72704K, used 38166K [0x00000000c0000000, 0x00000000c4700000, 0x00000000eab00000)
  object space 72704K, 52% used [0x00000000c0000000,0x00000000c2545830,0x00000000c4700000)
 Metaspace       used 6566K, capacity 7256K, committed 7424K, reserved 1056768K
  class space    used 626K, capacity 656K, committed 768K, reserved 1048576K
}

