# JRE version: Java(TM) SE Runtime Environment (8.0_101-b13) (build 1.8.0_101-b13)
# Java VM: Java HotSpot(TM) 64-Bit Server VM (25.101-b13 mixed mode windows-amd64 compressed oops)
Heap:
 PSYoungGen      total 59392K, used 24632K [0x00000000eab00000, 0x00000000ee900000, 0x0000000100000000)
  eden space 55296K, 37% used [0x00000000eab00000,0x00000000ebf0f5f8,0x00000000ee100000)
  from space 4096K, 99% used [0x00000000ee500000,0x00000000ee8feb78,0x00000000ee900000)
  to   space 4096K, 0% used [0x00000000ee100000,0x00000000ee100000,0x00000000ee500000)
 ParOldGen       total 72704K, used 5446K [0x00000000c0000000, 0x00000000c4700000, 0x00000000eab00000)
  object space 72704K, 7% used [0x00000000c0000000,0x00000000c0551940,0x00000000c4700000)
 Metaspace       used 6433K, capacity 7256K, committed 7424K, reserved 1056768K
  class space    used 619K, capacity 656K, committed 768K, reserved 1048576K
GC Heap History (4 events):
Event: 4.535 GC heap before
{Heap before GC invocations=1 (full 0):
 PSYoungGen      total 31744K, used 27648K [0x00000000eab00000, 0x00000000ece00000, 0x0000000100000000)
  eden space 27648K, 100% used [0x00000000eab00000,0x00000000ec600000,0x00000000ec600000)
  from space 4096K, 0% used [0x00000000eca00000,0x00000000eca00000,0x00000000ece00000)
  to   space 4096K, 0% used [0x00000000ec600000,0x00000000ec600000,0x00000000eca00000)
 ParOldGen       total 72704K, used 0K [0x00000000c0000000, 0x00000000c4700000, 0x00000000eab00000)
  object space 72704K, 0% used [0x00000000c0000000,0x00000000c0000000,0x00000000c4700000)
 Metaspace       used 5961K, capacity 6896K, committed 7040K, reserved 1056768K
  class space    used 596K, capacity 616K, committed 640K, reserved 1048576K
Event: 4.610 GC heap after
Heap after GC invocations=1 (full 0):
 PSYoungGen      total 31744K, used 4071K [0x00000000eab00000, 0x00000000ee900000, 0x0000000100000000)
  eden space 27648K, 0% used [0x00000000eab00000,0x00000000eab00000,0x00000000ec600000)
  from space 4096K, 99% used [0x00000000ec600000,0x00000000ec9f9c98,0x00000000eca00000)
  to   space 4096K, 0% used [0x00000000ee500000,0x00000000ee500000,0x00000000ee900000)
 ParOldGen       total 72704K, used 1871K [0x00000000c0000000, 0x00000000c4700000, 0x00000000eab00000)
  object space 72704K, 2% used [0x00000000c0000000,0x00000000c01d3ca0,0x00000000c4700000)
 Metaspace       used 5961K, capacity 6896K, committed 7040K, reserved 1056768K
  class space    used 596K, capacity 616K, committed 640K, reserved 1048576K
}
Event: 5.349 GC heap before
{Heap before GC invocations=2 (full 0):
 PSYoungGen      total 31744K, used 31719K [0x00000000eab00000, 0x00000000ee900000, 0x0000000100000000)
  eden space 27648K, 100% used [0x00000000eab00000,0x00000000ec600000,0x00000000ec600000)
  from space 4096K, 99% used [0x00000000ec600000,0x00000000ec9f9c98,0x00000000eca00000)
  to   space 4096K, 0% used [0x00000000ee500000,0x00000000ee500000,0x00000000ee900000)
 ParOldGen       total 72704K, used 1871K [0x00000000c0000000, 0x00000000c4700000, 0x00000000eab00000)
  object space 72704K, 2% used [0x00000000c0000000,0x00000000c01d3ca0,0x00000000c4700000)
 Metaspace       used 6168K, capacity 7026K, committed 7296K, reserved 1056768K
  class space    used 598K, capacity 618K, committed 640K, reserved 1048576K
Event: 5.377 GC heap after
Heap after GC invocations=2 (full 0):
 PSYoungGen      total 59392K, used 4090K [0x00000000eab00000, 0x00000000ee900000, 0x0000000100000000)
  eden space 55296K, 0% used [0x00000000eab00000,0x00000000eab00000,0x00000000ee100000)
  from space 4096K, 99% used [0x00000000ee500000,0x00000000ee8feb78,0x00000000ee900000)
  to   space 4096K, 0% used [0x00000000ee100000,0x00000000ee100000,0x00000000ee500000)
 ParOldGen       total 72704K, used 5446K [0x00000000c0000000, 0x00000000c4700000, 0x00000000eab00000)
  object space 72704K, 7% used [0x00000000c0000000,0x00000000c0551940,0x00000000c4700000)
 Metaspace       used 6168K, capacity 7026K, committed 7296K, reserved 1056768K
  class space    used 598K, capacity 618K, committed 640K, reserved 1048576K
}

