# JRE version: Java(TM) SE Runtime Environment (8.0_101-b13) (build 1.8.0_101-b13)
# Java VM: Java HotSpot(TM) 64-Bit Server VM (25.101-b13 mixed mode windows-amd64 compressed oops)
Heap:
 PSYoungGen      total 114688K, used 102506K [0x00000000eab00000, 0x00000000f1f00000, 0x0000000100000000)
  eden space 110592K, 89% used [0x00000000eab00000,0x00000000f0b223e0,0x00000000f1700000)
  from space 4096K, 99% used [0x00000000f1b00000,0x00000000f1ef8798,0x00000000f1f00000)
  to   space 4096K, 0% used [0x00000000f1700000,0x00000000f1700000,0x00000000f1b00000)
 ParOldGen       total 72704K, used 21089K [0x00000000c0000000, 0x00000000c4700000, 0x00000000eab00000)
  object space 72704K, 29% used [0x00000000c0000000,0x00000000c1498480,0x00000000c4700000)
 Metaspace       used 6326K, capacity 7224K, committed 7296K, reserved 1056768K
  class space    used 611K, capacity 624K, committed 640K, reserved 1048576K
GC Heap History (8 events):
Event: 4.043 GC heap before
{Heap before GC invocations=1 (full 0):
 PSYoungGen      total 31744K, used 27648K [0x00000000eab00000, 0x00000000ece00000, 0x0000000100000000)
  eden space 27648K, 100% used [0x00000000eab00000,0x00000000ec600000,0x00000000ec600000)
  from space 4096K, 0% used [0x00000000eca00000,0x00000000eca00000,0x00000000ece00000)
  to   space 4096K, 0% used [0x00000000ec600000,0x00000000ec600000,0x00000000eca00000)
 ParOldGen       total 72704K, used 0K [0x00000000c0000000, 0x00000000c4700000, 0x00000000eab00000)
  object space 72704K, 0% used [0x00000000c0000000,0x00000000c0000000,0x00000000c4700000)
 Metaspace       used 5842K, capacity 6896K, committed 7040K, reserved 1056768K
  class space    used 590K, capacity 616K, committed 640K, reserved 1048576K
Event: 4.105 GC heap after
Heap after GC invocations=1 (full 0):
 PSYoungGen      total 31744K, used 4091K [0x00000000eab00000, 0x00000000ee900000, 0x0000000100000000)
  eden space 27648K, 0% used [0x00000000eab00000,0x00000000eab00000,0x00000000ec600000)
  from space 4096K, 99% used [0x00000000ec600000,0x00000000ec9fee58,0x00000000eca00000)
  to   space 4096K, 0% used [0x00000000ee500000,0x00000000ee500000,0x00000000ee900000)
 ParOldGen       total 72704K, used 1387K [0x00000000c0000000, 0x00000000c4700000, 0x00000000eab00000)
  object space 72704K, 1% used [0x00000000c0000000,0x00000000c015ade8,0x00000000c4700000)
 Metaspace       used 5842K, capacity 6896K, committed 7040K, reserved 1056768K
  class space    used 590K, capacity 616K, committed 640K, reserved 1048576K
}
Event: 4.601 GC heap before
{Heap before GC invocations=2 (full 0):
 PSYoungGen      total 31744K, used 31739K [0x00000000eab00000, 0x00000000ee900000, 0x0000000100000000)
  eden space 27648K, 100% used [0x00000000eab00000,0x00000000ec600000,0x00000000ec600000)
  from space 4096K, 99% used [0x00000000ec600000,0x00000000ec9fee58,0x00000000eca00000)
  to   space 4096K, 0% used [0x00000000ee500000,0x00000000ee500000,0x00000000ee900000)
 ParOldGen       total 72704K, used 1387K [0x00000000c0000000, 0x00000000c4700000, 0x00000000eab00000)
  object space 72704K, 1% used [0x00000000c0000000,0x00000000c015ade8,0x00000000c4700000)
 Metaspace       used 6034K, capacity 7024K, committed 7296K, reserved 1056768K
  class space    used 590K, capacity 616K, committed 640K, reserved 1048576K
Event: 4.633 GC heap after
Heap after GC invocations=2 (full 0):
 PSYoungGen      total 59392K, used 4077K [0x00000000eab00000, 0x00000000ee900000, 0x0000000100000000)
  eden space 55296K, 0% used [0x00000000eab00000,0x00000000eab00000,0x00000000ee100000)
  from space 4096K, 99% used [0x00000000ee500000,0x00000000ee8fb4d0,0x00000000ee900000)
  to   space 4096K, 0% used [0x00000000ee100000,0x00000000ee100000,0x00000000ee500000)
 ParOldGen       total 72704K, used 4981K [0x00000000c0000000, 0x00000000c4700000, 0x00000000eab00000)
  object space 72704K, 6% used [0x00000000c0000000,0x00000000c04dd450,0x00000000c4700000)
 Metaspace       used 6034K, capacity 7024K, committed 7296K, reserved 1056768K
  class space    used 590K, capacity 616K, committed 640K, reserved 1048576K
}
Event: 5.257 GC heap before
{Heap before GC invocations=3 (full 0):
 PSYoungGen      total 59392K, used 59373K [0x00000000eab00000, 0x00000000ee900000, 0x0000000100000000)
  eden space 55296K, 100% used [0x00000000eab00000,0x00000000ee100000,0x00000000ee100000)
  from space 4096K, 99% used [0x00000000ee500000,0x00000000ee8fb4d0,0x00000000ee900000)
  to   space 4096K, 0% used [0x00000000ee100000,0x00000000ee100000,0x00000000ee500000)
 ParOldGen       total 72704K, used 4981K [0x00000000c0000000, 0x00000000c4700000, 0x00000000eab00000)
  object space 72704K, 6% used [0x00000000c0000000,0x00000000c04dd450,0x00000000c4700000)
 Metaspace       used 6144K, capacity 7152K, committed 7296K, reserved 1056768K
  class space    used 590K, capacity 616K, committed 640K, reserved 1048576K
Event: 5.311 GC heap after
Heap after GC invocations=3 (full 0):
 PSYoungGen      total 59392K, used 4091K [0x00000000eab00000, 0x00000000f1f00000, 0x0000000100000000)
  eden space 55296K, 0% used [0x00000000eab00000,0x00000000eab00000,0x00000000ee100000)
  from space 4096K, 99% used [0x00000000ee100000,0x00000000ee4fedc8,0x00000000ee500000)
  to   space 4096K, 0% used [0x00000000f1b00000,0x00000000f1b00000,0x00000000f1f00000)
 ParOldGen       total 72704K, used 12461K [0x00000000c0000000, 0x00000000c4700000, 0x00000000eab00000)
  object space 72704K, 17% used [0x00000000c0000000,0x00000000c0c2b4f0,0x00000000c4700000)
 Metaspace       used 6144K, capacity 7152K, committed 7296K, reserved 1056768K
  class space    used 590K, capacity 616K, committed 640K, reserved 1048576K
}
Event: 6.270 GC heap before
{Heap before GC invocations=4 (full 0):
 PSYoungGen      total 59392K, used 59387K [0x00000000eab00000, 0x00000000f1f00000, 0x0000000100000000)
  eden space 55296K, 100% used [0x00000000eab00000,0x00000000ee100000,0x00000000ee100000)
  from space 4096K, 99% used [0x00000000ee100000,0x00000000ee4fedc8,0x00000000ee500000)
  to   space 4096K, 0% used [0x00000000f1b00000,0x00000000f1b00000,0x00000000f1f00000)
 ParOldGen       total 72704K, used 12461K [0x00000000c0000000, 0x00000000c4700000, 0x00000000eab00000)
  object space 72704K, 17% used [0x00000000c0000000,0x00000000c0c2b4f0,0x00000000c4700000)
 Metaspace       used 6182K, capacity 7152K, committed 7296K, reserved 1056768K
  class space    used 591K, capacity 616K, committed 640K, reserved 1048576K
Event: 6.345 GC heap after
Heap after GC invocations=4 (full 0):
 PSYoungGen      total 114688K, used 4065K [0x00000000eab00000, 0x00000000f1f00000, 0x0000000100000000)
  eden space 110592K, 0% used [0x00000000eab00000,0x00000000eab00000,0x00000000f1700000)
  from space 4096K, 99% used [0x00000000f1b00000,0x00000000f1ef8798,0x00000000f1f00000)
  to   space 4096K, 0% used [0x00000000f1700000,0x00000000f1700000,0x00000000f1b00000)
 ParOldGen       total 72704K, used 21089K [0x00000000c0000000, 0x00000000c4700000, 0x00000000eab00000)
  object space 72704K, 29% used [0x00000000c0000000,0x00000000c1498480,0x00000000c4700000)
 Metaspace       used 6182K, capacity 7152K, committed 7296K, reserved 1056768K
  class space    used 591K, capacity 616K, committed 640K, reserved 1048576K
}

